Train: 55711
Test: 15000
NeuralNet(
  (fc1): Linear(in_features=42, out_features=512, bias=True)
  (relu): ReLU()
  (hid): Linear(in_features=512, out_features=512, bias=True)
  (hid2): Linear(in_features=512, out_features=512, bias=True)
  (fc2): Linear(in_features=512, out_features=3, bias=True)
)
Epoch 1
-------------------------------
loss: 0.832217  [    0/55711]
Avg loss: 0.781053 

Epoch 2
-------------------------------
loss: 0.781598  [    0/55711]
Avg loss: 0.726798 

Epoch 3
-------------------------------
loss: 0.725842  [    0/55711]
Avg loss: 0.663405 

Epoch 4
-------------------------------
loss: 0.666430  [    0/55711]
Avg loss: 0.587281 

Epoch 5
-------------------------------
loss: 0.592145  [    0/55711]
Avg loss: 0.502084 

Epoch 6
-------------------------------
loss: 0.501893  [    0/55711]
Avg loss: 0.417330 

Epoch 7
-------------------------------
loss: 0.416993  [    0/55711]
Avg loss: 0.342396 

Epoch 8
-------------------------------
loss: 0.348548  [    0/55711]
Avg loss: 0.288067 

Epoch 9
-------------------------------
loss: 0.279342  [    0/55711]
Avg loss: 0.251637 

Epoch 10
-------------------------------
loss: 0.249624  [    0/55711]
Avg loss: 0.233729 

Epoch 11
-------------------------------
loss: 0.237744  [    0/55711]
Avg loss: 0.222873 

Epoch 12
-------------------------------
loss: 0.226157  [    0/55711]
Avg loss: 0.212774 

Epoch 13
-------------------------------
loss: 0.236783  [    0/55711]
Avg loss: 0.211668 

Epoch 14
-------------------------------
loss: 0.223557  [    0/55711]
Avg loss: 0.206661 

Epoch 15
-------------------------------
loss: 0.196481  [    0/55711]
Avg loss: 0.207372 

Epoch 16
-------------------------------
loss: 0.216812  [    0/55711]
Avg loss: 0.206452 

Epoch 17
-------------------------------
loss: 0.210574  [    0/55711]
Avg loss: 0.205194 

Epoch 18
-------------------------------
loss: 0.212100  [    0/55711]
Avg loss: 0.204989 

Epoch 19
-------------------------------
loss: 0.200992  [    0/55711]
Avg loss: 0.202890 

Epoch 20
-------------------------------
loss: 0.198647  [    0/55711]
Avg loss: 0.203730 

Epoch 21
-------------------------------
loss: 0.209697  [    0/55711]
Avg loss: 0.203966 

Epoch 22
-------------------------------
loss: 0.201253  [    0/55711]
Avg loss: 0.201543 

Epoch 23
-------------------------------
loss: 0.192149  [    0/55711]
Avg loss: 0.200241 

Epoch 24
-------------------------------
loss: 0.192349  [    0/55711]
Avg loss: 0.198677 

Epoch 25
-------------------------------
loss: 0.203118  [    0/55711]
Avg loss: 0.198609 

Epoch 26
-------------------------------
loss: 0.229635  [    0/55711]
Avg loss: 0.200893 

Epoch 27
-------------------------------
loss: 0.164995  [    0/55711]
Avg loss: 0.199684 

Epoch 28
-------------------------------
loss: 0.172181  [    0/55711]
Avg loss: 0.198515 

Epoch 29
-------------------------------
loss: 0.177814  [    0/55711]
Avg loss: 0.201700 

Epoch 30
-------------------------------
loss: 0.189968  [    0/55711]
Avg loss: 0.200865 

Epoch 31
-------------------------------
loss: 0.197964  [    0/55711]
Avg loss: 0.197610 

Epoch 32
-------------------------------
loss: 0.197498  [    0/55711]
Avg loss: 0.197230 

Epoch 33
-------------------------------
loss: 0.193374  [    0/55711]
Avg loss: 0.198301 

Epoch 34
-------------------------------
loss: 0.192543  [    0/55711]
Avg loss: 0.195655 

Epoch 35
-------------------------------
loss: 0.218565  [    0/55711]
Avg loss: 0.194200 

Epoch 36
-------------------------------
loss: 0.204062  [    0/55711]
Avg loss: 0.193111 

Epoch 37
-------------------------------
loss: 0.192377  [    0/55711]
Avg loss: 0.192717 

Epoch 38
-------------------------------
loss: 0.203669  [    0/55711]
Avg loss: 0.194066 

Epoch 39
-------------------------------
loss: 0.181318  [    0/55711]
Avg loss: 0.198262 

Epoch 40
-------------------------------
loss: 0.192051  [    0/55711]
Avg loss: 0.196172 

Epoch 41
-------------------------------
loss: 0.200683  [    0/55711]
Avg loss: 0.192119 

Epoch 42
-------------------------------
loss: 0.172776  [    0/55711]
Avg loss: 0.192564 

Epoch 43
-------------------------------
loss: 0.195255  [    0/55711]
Avg loss: 0.193529 

Epoch 44
-------------------------------
loss: 0.192726  [    0/55711]
Avg loss: 0.192836 

Epoch 45
-------------------------------
loss: 0.202450  [    0/55711]
Avg loss: 0.192072 

Epoch 46
-------------------------------
loss: 0.189857  [    0/55711]
Avg loss: 0.192547 

Epoch 47
-------------------------------
loss: 0.187907  [    0/55711]
Avg loss: 0.190396 

Epoch 48
-------------------------------
loss: 0.172496  [    0/55711]
Avg loss: 0.187527 

Epoch 49
-------------------------------
loss: 0.191378  [    0/55711]
Avg loss: 0.191422 

Epoch 50
-------------------------------
loss: 0.177276  [    0/55711]
Avg loss: 0.188489 

Epoch 51
-------------------------------
loss: 0.188796  [    0/55711]
Avg loss: 0.189267 

Epoch 52
-------------------------------
loss: 0.198927  [    0/55711]
Avg loss: 0.188206 

Epoch 53
-------------------------------
loss: 0.187808  [    0/55711]
Avg loss: 0.188182 

Epoch 54
-------------------------------
loss: 0.188172  [    0/55711]
Avg loss: 0.190330 

Epoch 55
-------------------------------
loss: 0.169754  [    0/55711]
Avg loss: 0.187927 

Epoch 56
-------------------------------
loss: 0.197838  [    0/55711]
Avg loss: 0.189485 

Epoch 57
-------------------------------
loss: 0.188484  [    0/55711]
Avg loss: 0.182842 

Epoch 58
-------------------------------
loss: 0.191790  [    0/55711]
Avg loss: 0.189256 

Epoch 59
-------------------------------
loss: 0.186518  [    0/55711]
Avg loss: 0.189223 

Epoch 60
-------------------------------
loss: 0.211653  [    0/55711]
Avg loss: 0.186025 

Epoch 61
-------------------------------
loss: 0.203193  [    0/55711]
Avg loss: 0.188346 

Epoch 62
-------------------------------
loss: 0.186225  [    0/55711]
Avg loss: 0.185841 

Epoch 63
-------------------------------
loss: 0.178933  [    0/55711]
Avg loss: 0.185814 

Epoch 64
-------------------------------
loss: 0.173977  [    0/55711]
Avg loss: 0.186196 

Epoch 65
-------------------------------
loss: 0.196222  [    0/55711]
Avg loss: 0.184564 

Epoch 66
-------------------------------
loss: 0.186318  [    0/55711]
Avg loss: 0.185027 

Epoch 67
-------------------------------
loss: 0.177000  [    0/55711]
Avg loss: 0.185966 

Epoch 68
-------------------------------
loss: 0.194162  [    0/55711]
Avg loss: 0.187140 

Epoch 69
-------------------------------
loss: 0.156906  [    0/55711]
Avg loss: 0.182943 

Epoch 70
-------------------------------
loss: 0.170079  [    0/55711]
Avg loss: 0.185001 

Epoch 71
-------------------------------
loss: 0.180288  [    0/55711]
Avg loss: 0.183311 

Epoch 72
-------------------------------
loss: 0.178790  [    0/55711]
Avg loss: 0.181760 

Epoch 73
-------------------------------
loss: 0.174609  [    0/55711]
Avg loss: 0.185483 

Epoch 74
-------------------------------
loss: 0.201390  [    0/55711]
Avg loss: 0.183883 

Epoch 75
-------------------------------
loss: 0.162337  [    0/55711]
Avg loss: 0.183241 

Epoch 76
-------------------------------
loss: 0.160611  [    0/55711]
Avg loss: 0.182747 

Epoch 77
-------------------------------
loss: 0.186430  [    0/55711]
Avg loss: 0.181108 

Epoch 78
-------------------------------
loss: 0.179658  [    0/55711]
Avg loss: 0.182401 

Epoch 79
-------------------------------
loss: 0.205392  [    0/55711]
Avg loss: 0.184658 

Epoch 80
-------------------------------
loss: 0.201611  [    0/55711]
Avg loss: 0.185239 

Epoch 81
-------------------------------
loss: 0.173259  [    0/55711]
Avg loss: 0.183795 

Epoch 82
-------------------------------
loss: 0.180726  [    0/55711]
Avg loss: 0.183019 

Epoch 83
-------------------------------
loss: 0.183155  [    0/55711]
Avg loss: 0.183555 

Epoch 84
-------------------------------
loss: 0.201512  [    0/55711]
Avg loss: 0.183669 

Epoch 85
-------------------------------
loss: 0.190258  [    0/55711]
Avg loss: 0.181348 

Epoch 86
-------------------------------
loss: 0.170744  [    0/55711]
Avg loss: 0.177294 

Epoch 87
-------------------------------
loss: 0.177203  [    0/55711]
Avg loss: 0.183146 

Epoch 88
-------------------------------
loss: 0.175540  [    0/55711]
Avg loss: 0.182299 

Epoch 89
-------------------------------
loss: 0.180983  [    0/55711]
Avg loss: 0.185026 

Epoch 90
-------------------------------
loss: 0.197992  [    0/55711]
Avg loss: 0.182735 

Epoch 91
-------------------------------
loss: 0.173075  [    0/55711]
Avg loss: 0.182725 

Epoch 92
-------------------------------
loss: 0.183311  [    0/55711]
Avg loss: 0.186155 

Epoch 93
-------------------------------
loss: 0.199452  [    0/55711]
Avg loss: 0.187109 

Epoch 94
-------------------------------
loss: 0.160558  [    0/55711]
Avg loss: 0.185336 

Epoch 95
-------------------------------
loss: 0.175802  [    0/55711]
Avg loss: 0.184196 

Epoch 96
-------------------------------
loss: 0.197068  [    0/55711]
Avg loss: 0.179869 

Epoch 97
-------------------------------
loss: 0.175325  [    0/55711]
Avg loss: 0.183524 

Epoch 98
-------------------------------
loss: 0.181714  [    0/55711]
Avg loss: 0.184922 

Epoch 99
-------------------------------
loss: 0.176724  [    0/55711]
Avg loss: 0.182892 

Epoch 100
-------------------------------
loss: 0.184474  [    0/55711]
Avg loss: 0.180969 

Epoch 101
-------------------------------
loss: 0.185071  [    0/55711]
Avg loss: 0.181622 

Epoch 102
-------------------------------
loss: 0.179995  [    0/55711]
Avg loss: 0.180442 

Epoch 103
-------------------------------
loss: 0.178125  [    0/55711]
Avg loss: 0.184874 

Epoch 104
-------------------------------
loss: 0.183053  [    0/55711]
Avg loss: 0.181825 

Epoch 105
-------------------------------
loss: 0.179301  [    0/55711]
Avg loss: 0.183126 

Epoch 106
-------------------------------
loss: 0.183253  [    0/55711]
Avg loss: 0.181113 

Epoch 107
-------------------------------
loss: 0.182856  [    0/55711]
Avg loss: 0.183004 

Epoch 108
-------------------------------
loss: 0.174491  [    0/55711]
Avg loss: 0.181136 

Epoch 109
-------------------------------
loss: 0.185569  [    0/55711]
Avg loss: 0.182089 

Epoch 110
-------------------------------
loss: 0.182502  [    0/55711]
Avg loss: 0.181297 

Epoch 111
-------------------------------
loss: 0.185048  [    0/55711]
Avg loss: 0.183000 

Epoch 112
-------------------------------
loss: 0.172164  [    0/55711]
Avg loss: 0.179524 

Epoch 113
-------------------------------
loss: 0.181191  [    0/55711]
Avg loss: 0.183471 

Epoch 114
-------------------------------
loss: 0.167123  [    0/55711]
Avg loss: 0.178501 

Epoch 115
-------------------------------
loss: 0.184140  [    0/55711]
Avg loss: 0.183649 

Epoch 116
-------------------------------
loss: 0.193383  [    0/55711]
Avg loss: 0.186061 

Epoch 117
-------------------------------
loss: 0.182804  [    0/55711]
Avg loss: 0.183841 

Epoch 118
-------------------------------
loss: 0.186389  [    0/55711]
Avg loss: 0.182500 

Epoch 119
-------------------------------
loss: 0.181700  [    0/55711]
Avg loss: 0.183410 

Epoch 120
-------------------------------
loss: 0.183306  [    0/55711]
Avg loss: 0.183576 

Epoch 121
-------------------------------
loss: 0.184879  [    0/55711]
Avg loss: 0.180446 

Epoch 122
-------------------------------
loss: 0.192597  [    0/55711]
Avg loss: 0.184460 

Epoch 123
-------------------------------
loss: 0.197808  [    0/55711]
Avg loss: 0.179408 

Epoch 124
-------------------------------
loss: 0.179753  [    0/55711]
Avg loss: 0.182729 

Epoch 125
-------------------------------
loss: 0.191989  [    0/55711]
Avg loss: 0.183955 

Epoch 126
-------------------------------
loss: 0.202746  [    0/55711]
Avg loss: 0.183038 

Epoch 127
-------------------------------
loss: 0.180145  [    0/55711]
Avg loss: 0.179680 

Epoch 128
-------------------------------
loss: 0.207865  [    0/55711]
Avg loss: 0.183604 

Epoch 129
-------------------------------
loss: 0.175936  [    0/55711]
Avg loss: 0.183853 

Epoch 130
-------------------------------
loss: 0.185312  [    0/55711]
Avg loss: 0.180316 

Epoch 131
-------------------------------
loss: 0.178377  [    0/55711]
Avg loss: 0.180746 

Epoch 132
-------------------------------
loss: 0.170325  [    0/55711]
Avg loss: 0.182601 

Epoch 133
-------------------------------
loss: 0.174428  [    0/55711]
Avg loss: 0.182557 

Epoch 134
-------------------------------
loss: 0.171915  [    0/55711]
Avg loss: 0.182700 

Epoch 135
-------------------------------
loss: 0.195538  [    0/55711]
Avg loss: 0.180344 

Epoch 136
-------------------------------
loss: 0.189212  [    0/55711]
Avg loss: 0.186385 

Epoch 137
-------------------------------
loss: 0.173712  [    0/55711]
Avg loss: 0.180191 

Epoch 138
-------------------------------
loss: 0.189499  [    0/55711]
Avg loss: 0.180449 

Epoch 139
-------------------------------
loss: 0.165298  [    0/55711]
Avg loss: 0.182318 

Epoch 140
-------------------------------
loss: 0.180702  [    0/55711]
Avg loss: 0.181226 

Epoch 141
-------------------------------
loss: 0.166765  [    0/55711]
Avg loss: 0.181995 

Epoch 142
-------------------------------
loss: 0.183945  [    0/55711]
Avg loss: 0.181089 

Epoch 143
-------------------------------
loss: 0.162623  [    0/55711]
Avg loss: 0.181288 

Epoch 144
-------------------------------
loss: 0.172364  [    0/55711]
Avg loss: 0.182301 

Epoch 145
-------------------------------
loss: 0.169137  [    0/55711]
Avg loss: 0.182811 

Epoch 146
-------------------------------
loss: 0.181017  [    0/55711]
Avg loss: 0.181595 

Epoch 147
-------------------------------
loss: 0.165975  [    0/55711]
Avg loss: 0.180511 

Epoch 148
-------------------------------
loss: 0.157470  [    0/55711]
Avg loss: 0.180316 

Epoch 149
-------------------------------
loss: 0.180096  [    0/55711]
Avg loss: 0.181234 

Epoch 150
-------------------------------
loss: 0.170077  [    0/55711]
Avg loss: 0.183654 

Done!
