length of the dataset is: 70711
Train: 65711
Test: 5000
NeuralNet(
  (fc1): Linear(in_features=42, out_features=512, bias=True)
  (relu): ReLU()
  (hid): Linear(in_features=512, out_features=512, bias=True)
  (hid2): Linear(in_features=512, out_features=512, bias=True)
  (fc2): Linear(in_features=512, out_features=3, bias=True)
)
Epoch 1
-------------------------------
loss: 0.843637  [    0/65711]
Avg loss: 0.782888 

Epoch 2
-------------------------------
loss: 0.782851  [    0/65711]
Avg loss: 0.716603 

Epoch 3
-------------------------------
loss: 0.718145  [    0/65711]
Avg loss: 0.634915 

Epoch 4
-------------------------------
loss: 0.636467  [    0/65711]
Avg loss: 0.536929 

Epoch 5
-------------------------------
loss: 0.543062  [    0/65711]
Avg loss: 0.436707 

Epoch 6
-------------------------------
loss: 0.439131  [    0/65711]
Avg loss: 0.344871 

Epoch 7
-------------------------------
loss: 0.341702  [    0/65711]
Avg loss: 0.284037 

Epoch 8
-------------------------------
loss: 0.297896  [    0/65711]
Avg loss: 0.252820 

Epoch 9
-------------------------------
loss: 0.247992  [    0/65711]
Avg loss: 0.233837 

Epoch 10
-------------------------------
loss: 0.241015  [    0/65711]
Avg loss: 0.220731 

Epoch 11
-------------------------------
loss: 0.226488  [    0/65711]
Avg loss: 0.215067 

Epoch 12
-------------------------------
loss: 0.231029  [    0/65711]
Avg loss: 0.216686 

Epoch 13
-------------------------------
loss: 0.224910  [    0/65711]
Avg loss: 0.207841 

Epoch 14
-------------------------------
loss: 0.214955  [    0/65711]
Avg loss: 0.208901 

Epoch 15
-------------------------------
loss: 0.221724  [    0/65711]
Avg loss: 0.202768 

Epoch 16
-------------------------------
loss: 0.209435  [    0/65711]
Avg loss: 0.201359 

Epoch 17
-------------------------------
loss: 0.220317  [    0/65711]
Avg loss: 0.199680 

Epoch 18
-------------------------------
loss: 0.210016  [    0/65711]
Avg loss: 0.200401 

Epoch 19
-------------------------------
loss: 0.196316  [    0/65711]
Avg loss: 0.203940 

Epoch 20
-------------------------------
loss: 0.200438  [    0/65711]
Avg loss: 0.199861 

Epoch 21
-------------------------------
loss: 0.204737  [    0/65711]
Avg loss: 0.202735 

Epoch 22
-------------------------------
loss: 0.200958  [    0/65711]
Avg loss: 0.206088 

Epoch 23
-------------------------------
loss: 0.182338  [    0/65711]
Avg loss: 0.202194 

Epoch 24
-------------------------------
loss: 0.211722  [    0/65711]
Avg loss: 0.195763 

Epoch 25
-------------------------------
loss: 0.205372  [    0/65711]
Avg loss: 0.199708 

Epoch 26
-------------------------------
loss: 0.176271  [    0/65711]
Avg loss: 0.195333 

Epoch 27
-------------------------------
loss: 0.191758  [    0/65711]
Avg loss: 0.195463 

Epoch 28
-------------------------------
loss: 0.198192  [    0/65711]
Avg loss: 0.202742 

Epoch 29
-------------------------------
loss: 0.219877  [    0/65711]
Avg loss: 0.197585 

Epoch 30
-------------------------------
loss: 0.197180  [    0/65711]
Avg loss: 0.196327 

Epoch 31
-------------------------------
loss: 0.208231  [    0/65711]
Avg loss: 0.191980 

Epoch 32
-------------------------------
loss: 0.199914  [    0/65711]
Avg loss: 0.198945 

Epoch 33
-------------------------------
loss: 0.194231  [    0/65711]
Avg loss: 0.193905 

Epoch 34
-------------------------------
loss: 0.227985  [    0/65711]
Avg loss: 0.195798 

Epoch 35
-------------------------------
loss: 0.215961  [    0/65711]
Avg loss: 0.188851 

Epoch 36
-------------------------------
loss: 0.211608  [    0/65711]
Avg loss: 0.195217 

Epoch 37
-------------------------------
loss: 0.201549  [    0/65711]
Avg loss: 0.193590 

Epoch 38
-------------------------------
loss: 0.174768  [    0/65711]
Avg loss: 0.194320 

Epoch 39
-------------------------------
loss: 0.197765  [    0/65711]
Avg loss: 0.190683 

Epoch 40
-------------------------------
loss: 0.199120  [    0/65711]
Avg loss: 0.190670 

Epoch 41
-------------------------------
loss: 0.210268  [    0/65711]
Avg loss: 0.188859 

Epoch 42
-------------------------------
loss: 0.175298  [    0/65711]
Avg loss: 0.191519 

Epoch 43
-------------------------------
loss: 0.202091  [    0/65711]
Avg loss: 0.190917 

Epoch 44
-------------------------------
loss: 0.183176  [    0/65711]
Avg loss: 0.187654 

Epoch 45
-------------------------------
loss: 0.202913  [    0/65711]
Avg loss: 0.189220 

Epoch 46
-------------------------------
loss: 0.208851  [    0/65711]
Avg loss: 0.191562 

Epoch 47
-------------------------------
loss: 0.192906  [    0/65711]
Avg loss: 0.190511 

Epoch 48
-------------------------------
loss: 0.191321  [    0/65711]
Avg loss: 0.190100 

Epoch 49
-------------------------------
loss: 0.198971  [    0/65711]
Avg loss: 0.191235 

Epoch 50
-------------------------------
loss: 0.207974  [    0/65711]
Avg loss: 0.187805 

Epoch 51
-------------------------------
loss: 0.201747  [    0/65711]
Avg loss: 0.187133 

Epoch 52
-------------------------------
loss: 0.202711  [    0/65711]
Avg loss: 0.187347 

Epoch 53
-------------------------------
loss: 0.190817  [    0/65711]
Avg loss: 0.185807 

Epoch 54
-------------------------------
loss: 0.209039  [    0/65711]
Avg loss: 0.183435 

Epoch 55
-------------------------------
loss: 0.176055  [    0/65711]
Avg loss: 0.192083 

Epoch 56
-------------------------------
loss: 0.198861  [    0/65711]
Avg loss: 0.192038 

Epoch 57
-------------------------------
loss: 0.177799  [    0/65711]
Avg loss: 0.186093 

Epoch 58
-------------------------------
loss: 0.198064  [    0/65711]
Avg loss: 0.180494 

Epoch 59
-------------------------------
loss: 0.174070  [    0/65711]
Avg loss: 0.185845 

Epoch 60
-------------------------------
loss: 0.170664  [    0/65711]
Avg loss: 0.180207 

Epoch 61
-------------------------------
loss: 0.208640  [    0/65711]
Avg loss: 0.186360 

Epoch 62
-------------------------------
loss: 0.198799  [    0/65711]
Avg loss: 0.189542 

Epoch 63
-------------------------------
loss: 0.197569  [    0/65711]
Avg loss: 0.187725 

Epoch 64
-------------------------------
loss: 0.195634  [    0/65711]
Avg loss: 0.188794 

Epoch 65
-------------------------------
loss: 0.185647  [    0/65711]
Avg loss: 0.186110 

Epoch 66
-------------------------------
loss: 0.180340  [    0/65711]
Avg loss: 0.184766 

Epoch 67
-------------------------------
loss: 0.166708  [    0/65711]
Avg loss: 0.186798 

Epoch 68
-------------------------------
loss: 0.178461  [    0/65711]
Avg loss: 0.185682 

Epoch 69
-------------------------------
loss: 0.209041  [    0/65711]
Avg loss: 0.187731 

Epoch 70
-------------------------------
loss: 0.182968  [    0/65711]
Avg loss: 0.180872 

Epoch 71
-------------------------------
loss: 0.176964  [    0/65711]
Avg loss: 0.184287 

Epoch 72
-------------------------------
loss: 0.163973  [    0/65711]
Avg loss: 0.180646 

Epoch 73
-------------------------------
loss: 0.198806  [    0/65711]
Avg loss: 0.185840 

Epoch 74
-------------------------------
loss: 0.193879  [    0/65711]
Avg loss: 0.181837 

Epoch 75
-------------------------------
loss: 0.193227  [    0/65711]
Avg loss: 0.188837 

Epoch 76
-------------------------------
loss: 0.207040  [    0/65711]
Avg loss: 0.185398 

Epoch 77
-------------------------------
loss: 0.171708  [    0/65711]
Avg loss: 0.184225 

Epoch 78
-------------------------------
loss: 0.192412  [    0/65711]
Avg loss: 0.188385 

Epoch 79
-------------------------------
loss: 0.183109  [    0/65711]
Avg loss: 0.186552 

Epoch 80
-------------------------------
loss: 0.161869  [    0/65711]
Avg loss: 0.185717 

Epoch 81
-------------------------------
loss: 0.170646  [    0/65711]
Avg loss: 0.187359 

Epoch 82
-------------------------------
loss: 0.173657  [    0/65711]
Avg loss: 0.184553 

Epoch 83
-------------------------------
loss: 0.196727  [    0/65711]
Avg loss: 0.186275 

Epoch 84
-------------------------------
loss: 0.183419  [    0/65711]
Avg loss: 0.190497 

Epoch 85
-------------------------------
loss: 0.171111  [    0/65711]
Avg loss: 0.185959 

Epoch 86
-------------------------------
loss: 0.193005  [    0/65711]
Avg loss: 0.191526 

Epoch 87
-------------------------------
loss: 0.187407  [    0/65711]
Avg loss: 0.190538 

Epoch 88
-------------------------------
loss: 0.187931  [    0/65711]
Avg loss: 0.183454 

Epoch 89
-------------------------------
loss: 0.202482  [    0/65711]
Avg loss: 0.185279 

Epoch 90
-------------------------------
loss: 0.174115  [    0/65711]
Avg loss: 0.189660 

Epoch 91
-------------------------------
loss: 0.178380  [    0/65711]
Avg loss: 0.186276 

Epoch 92
-------------------------------
loss: 0.199274  [    0/65711]
Avg loss: 0.185394 

Epoch 93
-------------------------------
loss: 0.203272  [    0/65711]
Avg loss: 0.186309 

Epoch 94
-------------------------------
loss: 0.186336  [    0/65711]
Avg loss: 0.184450 

Epoch 95
-------------------------------
loss: 0.192796  [    0/65711]
Avg loss: 0.186944 

Epoch 96
-------------------------------
loss: 0.171172  [    0/65711]
Avg loss: 0.186700 

Epoch 97
-------------------------------
loss: 0.183188  [    0/65711]
Avg loss: 0.181036 

Epoch 98
-------------------------------
loss: 0.171722  [    0/65711]
Avg loss: 0.181995 

Epoch 99
-------------------------------
loss: 0.188612  [    0/65711]
Avg loss: 0.188175 

Epoch 100
-------------------------------
loss: 0.186287  [    0/65711]
Avg loss: 0.180456 

Epoch 101
-------------------------------
loss: 0.189255  [    0/65711]
Avg loss: 0.182365 

Epoch 102
-------------------------------
loss: 0.187579  [    0/65711]
Avg loss: 0.187122 

Epoch 103
-------------------------------
loss: 0.197055  [    0/65711]
Avg loss: 0.187466 

Epoch 104
-------------------------------
loss: 0.189494  [    0/65711]
Avg loss: 0.185364 

Epoch 105
-------------------------------
loss: 0.175767  [    0/65711]
Avg loss: 0.185163 

Epoch 106
-------------------------------
loss: 0.197923  [    0/65711]
Avg loss: 0.183832 

Epoch 107
-------------------------------
loss: 0.186877  [    0/65711]
Avg loss: 0.181233 

Epoch 108
-------------------------------
loss: 0.182496  [    0/65711]
Avg loss: 0.184019 

Epoch 109
-------------------------------
loss: 0.174658  [    0/65711]
Avg loss: 0.186990 

Epoch 110
-------------------------------
loss: 0.185360  [    0/65711]
Avg loss: 0.185512 

Epoch 111
-------------------------------
loss: 0.195717  [    0/65711]
Avg loss: 0.180851 

Epoch 112
-------------------------------
loss: 0.179981  [    0/65711]
Avg loss: 0.181097 

Epoch 113
-------------------------------
loss: 0.166912  [    0/65711]
Avg loss: 0.181791 

Epoch 114
-------------------------------
loss: 0.163125  [    0/65711]
Avg loss: 0.187018 

Epoch 115
-------------------------------
loss: 0.173227  [    0/65711]
Avg loss: 0.184251 

Epoch 116
-------------------------------
loss: 0.169604  [    0/65711]
Avg loss: 0.182128 

Epoch 117
-------------------------------
loss: 0.166573  [    0/65711]
Avg loss: 0.184206 

Epoch 118
-------------------------------
loss: 0.175116  [    0/65711]
Avg loss: 0.187168 

Epoch 119
-------------------------------
loss: 0.185058  [    0/65711]
Avg loss: 0.186355 

Epoch 120
-------------------------------
loss: 0.172253  [    0/65711]
Avg loss: 0.184643 

Epoch 121
-------------------------------
loss: 0.195383  [    0/65711]
Avg loss: 0.183655 

Epoch 122
-------------------------------
loss: 0.187525  [    0/65711]
Avg loss: 0.181816 

Epoch 123
-------------------------------
loss: 0.198196  [    0/65711]
Avg loss: 0.187193 

Epoch 124
-------------------------------
loss: 0.182966  [    0/65711]
Avg loss: 0.187648 

Epoch 125
-------------------------------
loss: 0.198468  [    0/65711]
Avg loss: 0.185476 

Epoch 126
-------------------------------
loss: 0.174227  [    0/65711]
Avg loss: 0.184439 

Epoch 127
-------------------------------
loss: 0.169877  [    0/65711]
Avg loss: 0.187433 

Epoch 128
-------------------------------
loss: 0.183265  [    0/65711]
Avg loss: 0.184008 

Epoch 129
-------------------------------
loss: 0.200449  [    0/65711]
Avg loss: 0.183181 

Epoch 130
-------------------------------
loss: 0.175596  [    0/65711]
Avg loss: 0.187783 

Epoch 131
-------------------------------
loss: 0.172592  [    0/65711]
Avg loss: 0.187565 

Epoch 132
-------------------------------
loss: 0.202837  [    0/65711]
Avg loss: 0.179121 

Epoch 133
-------------------------------
loss: 0.178064  [    0/65711]
Avg loss: 0.182867 

Epoch 134
-------------------------------
loss: 0.199926  [    0/65711]
Avg loss: 0.191357 

Epoch 135
-------------------------------
loss: 0.162121  [    0/65711]
Avg loss: 0.183895 

Epoch 136
-------------------------------
loss: 0.176628  [    0/65711]
Avg loss: 0.182874 

Epoch 137
-------------------------------
loss: 0.176990  [    0/65711]
Avg loss: 0.183515 

Epoch 138
-------------------------------
loss: 0.168582  [    0/65711]
Avg loss: 0.186114 

Epoch 139
-------------------------------
loss: 0.190689  [    0/65711]
Avg loss: 0.180293 

Epoch 140
-------------------------------
loss: 0.187876  [    0/65711]
Avg loss: 0.182385 

Epoch 141
-------------------------------
loss: 0.184684  [    0/65711]
Avg loss: 0.180257 

Epoch 142
-------------------------------
loss: 0.156350  [    0/65711]
Avg loss: 0.186507 

Epoch 143
-------------------------------
loss: 0.158870  [    0/65711]
Avg loss: 0.184676 

Epoch 144
-------------------------------
loss: 0.185434  [    0/65711]
Avg loss: 0.180862 

Epoch 145
-------------------------------
loss: 0.184251  [    0/65711]
Avg loss: 0.181541 

Epoch 146
-------------------------------
loss: 0.181582  [    0/65711]
Avg loss: 0.181555 

Epoch 147
-------------------------------
loss: 0.196232  [    0/65711]
Avg loss: 0.184187 

Epoch 148
-------------------------------
loss: 0.183616  [    0/65711]
Avg loss: 0.183167 

Epoch 149
-------------------------------
loss: 0.184523  [    0/65711]
Avg loss: 0.186295 

Epoch 150
-------------------------------
loss: 0.184981  [    0/65711]
Avg loss: 0.184091 

Done!
