The number of features: 203
TRAIN     0: 1878, 1: 2573, 2: 60603
TEST      0: 163, 1: 262, 2: 5232
iter 1, steps = 40
iter 2, steps = 80
iter 3, steps = 120
iter 4, steps = 160
iter 5, steps = 200
iter 6, steps = 240
iter 7, steps = 280
iter 8, steps = 320
[[0.         0.         0.96096979 0.         0.        ]
 [0.03508772 0.         0.96094109 0.01427329 0.02617433]
 [0.06965174 0.01498127 0.95980085 0.04411112 0.06750522]
 [0.12857143 0.04864865 0.94711178 0.07158853 0.10917137]
 [0.13253012 0.08897485 0.93225036 0.0830341  0.11542191]
 [0.11428571 0.10622155 0.91548199 0.07578009 0.09641955]
 [0.11926606 0.10761155 0.90233294 0.07476094 0.0981202 ]
 [0.11344538 0.11230585 0.89211079 0.07321497 0.09325587]]
Figure was saved
